<?xml version="1.0" encoding="UTF-8"?>
<!-- Generated by org.testng.reporters.JUnitReportReporter -->
<testsuite hostname="DESKTOP-UAJCI39" failures="0" tests="2" name="com.vtigercrm.qa.testdata.LoginPageTest" time="44.275" errors="0" timestamp="2023-06-12T22:39:10 IST" skipped="0">
  <testcase classname="com.vtigercrm.qa.testdata.LoginPageTest" name="loginPageTitletest" time="24.549"/>
  <system-out/>
  <testcase classname="com.vtigercrm.qa.testdata.LoginPageTest" name="loginTest" time="19.726"/>
  <system-out/>
</testsuite> <!-- com.vtigercrm.qa.testdata.LoginPageTest -->
