<?xml version="1.0" encoding="UTF-8"?>
<!-- Generated by org.testng.reporters.JUnitReportReporter -->
<testsuite hostname="DESKTOP-UAJCI39" failures="0" tests="3" name="com.vtigercrm.qa.testcases.HomePageTest" time="45.625" errors="0" timestamp="2023-06-18T09:28:43 IST" skipped="0">
  <testcase classname="com.vtigercrm.qa.testcases.HomePageTest" name="verifyHomePageTitle" time="10.663"/>
  <system-out/>
  <testcase classname="com.vtigercrm.qa.testcases.HomePageTest" name="checkLoggedinUser" time="20.753"/>
  <system-out/>
  <testcase classname="com.vtigercrm.qa.testcases.HomePageTest" name="goToContactsPage" time="14.209"/>
  <system-out/>
</testsuite> <!-- com.vtigercrm.qa.testcases.HomePageTest -->
