<?xml version="1.0" encoding="UTF-8"?>
<!-- Generated by org.testng.reporters.JUnitReportReporter -->
<testsuite hostname="DESKTOP-UAJCI39" failures="0" tests="3" name="com.vtigercrm.qa.testcases.HomePageTest" time="41.912" errors="0" timestamp="2023-06-17T19:53:13 IST" skipped="0">
  <testcase classname="com.vtigercrm.qa.testcases.HomePageTest" name="verifyHomePageTitle" time="11.687"/>
  <system-out/>
  <testcase classname="com.vtigercrm.qa.testcases.HomePageTest" name="checkLoggedinUser" time="14.939"/>
  <system-out/>
  <testcase classname="com.vtigercrm.qa.testcases.HomePageTest" name="goToContactsPage" time="15.286"/>
  <system-out/>
</testsuite> <!-- com.vtigercrm.qa.testcases.HomePageTest -->
