<?xml version="1.0" encoding="UTF-8"?>
<!-- Generated by org.testng.reporters.JUnitReportReporter -->
<testsuite hostname="DESKTOP-UAJCI39" failures="0" tests="3" name="com.vtigercrm.qa.testcases.ContactsPageTest" time="64.087" errors="0" timestamp="2023-06-18T17:33:37 IST" skipped="1">
  <testcase classname="com.vtigercrm.qa.testcases.ContactsPageTest" name="validateCreateNewContact" time="29.730">
    <skipped/>
  </testcase> <!-- validateCreateNewContact -->
  <system-out/>
  <testcase classname="com.vtigercrm.qa.testcases.ContactsPageTest" name="selectCheckboxforUser" time="34.294"/>
  <system-out/>
  <testcase classname="com.vtigercrm.qa.testcases.ContactsPageTest" name="verifyContactsPageLabel" time="0.063"/>
  <system-out/>
</testsuite> <!-- com.vtigercrm.qa.testcases.ContactsPageTest -->
