<?xml version="1.0" encoding="UTF-8"?>
<!-- Generated by org.testng.reporters.JUnitReportReporter -->
<testsuite hostname="DESKTOP-UAJCI39" failures="0" tests="2" name="com.vtigercrm.qa.testcases.HomePageTest" time="32.405" errors="0" timestamp="2023-06-17T11:27:26 IST" skipped="0">
  <testcase classname="com.vtigercrm.qa.testcases.HomePageTest" name="verifyHomePageTitle" time="14.704"/>
  <system-out/>
  <testcase classname="com.vtigercrm.qa.testcases.HomePageTest" name="checkLoggedinUser" time="17.701"/>
  <system-out/>
</testsuite> <!-- com.vtigercrm.qa.testcases.HomePageTest -->
